<?xml version="1.0" encoding="UTF-8" ?>
<testsuite tests="4" failures="0" name="runner.TestRunner" time="15.525" errors="0" skipped="0">
  <properties>
[...]
</properties>
  <testcase classname="Automatización de pruebas de Inicio de sesión y modificación de datos de una empresa" name="Iniciar Sesión con ROL TE" time="4.924"/>
  <testcase classname="Automatización de pruebas de Inicio de sesión y modificación de datos de una empresa" name="Actualizar Datos de la Empresa #1" time="3.574"/>
  <testcase classname="Automatización de pruebas de Inicio de sesión y modificación de datos de una empresa" name="Actualizar Datos de la Empresa #2" time="3.499"/>
  <testcase classname="Automatización de pruebas de Inicio de sesión y modificación de datos de una empresa" name="Actualizar Datos de la Empresa #3" time="3.528"/>
</testsuite>